TN:
SF:/home/seanitzel/Documents/Programming/School/Project Management/LastFM-TDD CICD/src/DovMusic.js
FN:4,(anonymous_0)
FN:8,(anonymous_1)
FN:17,(anonymous_2)
FN:23,(anonymous_3)
FN:27,(anonymous_4)
FN:33,(anonymous_5)
FN:38,(anonymous_6)
FN:46,(anonymous_7)
FN:52,(anonymous_8)
FN:75,(anonymous_9)
FNF:10
FNH:10
FNDA:15,(anonymous_0)
FNDA:1,(anonymous_1)
FNDA:2,(anonymous_2)
FNDA:3,(anonymous_3)
FNDA:9,(anonymous_4)
FNDA:5,(anonymous_5)
FNDA:5,(anonymous_6)
FNDA:4,(anonymous_7)
FNDA:2,(anonymous_8)
FNDA:2,(anonymous_9)
DA:1,1
DA:5,15
DA:9,1
DA:10,1
DA:12,1
DA:13,1
DA:14,1
DA:19,2
DA:20,2
DA:25,3
DA:26,3
DA:27,3
DA:28,9
DA:30,3
DA:35,5
DA:36,5
DA:37,5
DA:38,3
DA:39,5
DA:41,3
DA:43,2
DA:48,4
DA:49,4
DA:54,2
DA:55,2
DA:56,2
DA:57,1
DA:59,1
DA:61,1
DA:62,1
DA:63,1
DA:64,1
DA:65,1
DA:72,1
DA:77,2
DA:78,2
LF:36
LH:36
BRDA:14,0,0,1
BRDA:14,0,1,0
BRDA:37,1,0,3
BRDA:37,1,1,2
BRDA:49,2,0,2
BRDA:49,2,1,2
BRDA:56,3,0,1
BRDA:56,3,1,1
BRDA:64,4,0,1
BRDA:64,4,1,0
BRF:10
BRH:8
end_of_record
